<?xml version="1.0" encoding="UTF-8" ?>
<testsuites>
 <testsuite name="Return_script" package="Xstore_POC.suite" timestamp="2025-09-11 05:17:32.162 -0400"
 tests="1"  failures="1" errors="1" time="125.497000">
  <properties>
   <property name="RunDate" value="2025-09-11 05:17:32.162 -0400"/>
   <property name="Status" value="Failure"/>
  </properties>
  <testcase name="Return.script" assertions="2" status="error"  time="125.478">
    <failure type="FAILURE" message="Image Not Found: click Error - No Text Found On Screen: &quot;(TEXT:&quot;09&quot;)&quot;. Text not found.  Restricted Search Rectangle ((586,486),(1320,673))\n -- Execution Time 0:02:05 Return.script" />
    <error type="Exception" message="No Text Found On Screen: &quot;(TEXT:&quot;09&quot;)&quot;. Text not found." />
  </testcase>
 </testsuite>
</testsuites>
