<?xml version="1.0" encoding="UTF-8" ?>
<testsuites>
 <testsuite name="Sale &amp; Return_script" package="Xstore_POC.suite" timestamp="2025-12-11 10:23:12.526 -0500"
 tests="1"  failures="1" errors="1" time="53.227000">
  <properties>
   <property name="RunDate" value="2025-12-11 10:23:12.526 -0500"/>
   <property name="Status" value="Failure"/>
  </properties>
  <testcase name="Sale &amp; Return.script" assertions="1" status="error"  time="53.225">
    <failure type="FAILURE" message="Image Not Found: WaitFor Error - Unable To Find Any Image On Screen &quot;(TEXT:&quot;KFL Store 1646555&quot;)&quot; within 10.00 seconds. Text not found. -- Execution Time 0:00:53 Sale &amp; Return.script" />
    <error type="Exception" message="Unable To Find Any Image On Screen &quot;(TEXT:&quot;KFL Store 1646555&quot;)&quot; within 10.00 seconds. Text not found." />
  </testcase>
 </testsuite>
</testsuites>
