<?xml version="1.0" encoding="UTF-8" ?>
<testsuites>
 <testsuite name="Sale_script" package="Xstore_POC.suite" timestamp="2025-09-08 09:53:32.364 -0400"
 tests="1"  failures="1" errors="1" time="41.892000">
  <properties>
   <property name="RunDate" value="2025-09-08 09:53:32.364 -0400"/>
   <property name="Status" value="Failure"/>
  </properties>
  <testcase name="Sale.script" assertions="1" status="error"  time="41.881">
    <failure type="FAILURE" message="Image Not Found: WaitFor Error - Unable To Find Any Image On Screen &quot;(TEXT:&quot;Scan or key your employee&quot;)&quot; within 10.00 seconds. Text not found. -- Execution Time 0:00:41 Sale.script" />
    <error type="Exception" message="Unable To Find Any Image On Screen &quot;(TEXT:&quot;Scan or key your employee&quot;)&quot; within 10.00 seconds. Text not found." />
  </testcase>
 </testsuite>
</testsuites>
