<?xml version="1.0" encoding="UTF-8" ?>
<testsuites>
 <testsuite name="SignIn_script" package="Xstore_POC.suite" timestamp="2025-09-04 03:01:43.232 -0400"
 tests="1"  failures="1" errors="1" time="44.537000">
  <properties>
   <property name="RunDate" value="2025-09-04 03:01:43.232 -0400"/>
   <property name="Status" value="Failure"/>
  </properties>
  <testcase name="SignIn.script" assertions="1" status="error"  time="44.526">
    <failure type="FAILURE" message="Image Not Found: WaitFor Error - Unable To Find Any Image On Screen &quot;(TEXT:&quot;Scan or key your employee&quot;)&quot; within 10.00 seconds. Text not found. -- Execution Time 0:00:44 SignIn.script" />
    <error type="Exception" message="Unable To Find Any Image On Screen &quot;(TEXT:&quot;Scan or key your employee&quot;)&quot; within 10.00 seconds. Text not found." />
  </testcase>
 </testsuite>
</testsuites>
