<?xml version="1.0" encoding="UTF-8" ?>
<testsuites>
 <testsuite name="Sale &amp; Return_script" package="Xstore_POC.suite" timestamp="2025-11-04 01:41:41.087 -0500"
 tests="1"  failures="1" errors="1" time="191.871000">
  <properties>
   <property name="RunDate" value="2025-11-04 01:41:41.087 -0500"/>
   <property name="Status" value="Failure"/>
  </properties>
  <testcase name="Sale &amp; Return.script" assertions="4" status="error"  time="191.856">
    <failure type="FAILURE" message="Image Not Found: click Error - No Image Found On Screen: &quot;Refund7500 img&quot; -- Execution Time 0:03:11 Sale &amp; Return.script" />
    <error type="Exception" message="No Image Found On Screen: &quot;Refund7500 img&quot;" />
  </testcase>
 </testsuite>
</testsuites>
