<?xml version="1.0" encoding="UTF-8" ?>
<testsuites>
 <testsuite name="Return_script" package="Xstore_POC.suite" timestamp="2025-09-10 07:09:22.815 -0400"
 tests="1"  failures="1" errors="1" time="68.588000">
  <properties>
   <property name="RunDate" value="2025-09-10 07:09:22.815 -0400"/>
   <property name="Status" value="Failure"/>
  </properties>
  <testcase name="Return.script" assertions="2" status="error"  time="68.574">
    <failure type="FAILURE" message="Image Not Found: WaitFor Error - Unable To Find Any Image On Screen &quot;(TEXT:&quot;Main Menu&quot;)&quot; within 10.00 seconds. Text not found. -- Execution Time 0:01:08 Return.script" />
    <error type="Exception" message="Unable To Find Any Image On Screen &quot;(TEXT:&quot;Main Menu&quot;)&quot; within 10.00 seconds. Text not found." />
  </testcase>
 </testsuite>
</testsuites>
