<?xml version="1.0" encoding="UTF-8" ?>
<testsuites>
 <testsuite name="Return_script" package="Xstore_POC.suite" timestamp="2025-09-08 04:34:28.407 -0400"
 tests="1"  failures="1" errors="1" time="26.348000">
  <properties>
   <property name="RunDate" value="2025-09-08 04:34:28.407 -0400"/>
   <property name="Status" value="Failure"/>
  </properties>
  <testcase name="Return.script" assertions="2" status="error"  time="26.337">
    <failure type="FAILURE" message="Image Not Found: click Error - No Image Found On Screen: &quot;StartSaleIcon&quot; -- Execution Time 0:00:26 Return.script" />
    <error type="Exception" message="No Image Found On Screen: &quot;StartSaleIcon&quot;" />
  </testcase>
 </testsuite>
</testsuites>
