<?xml version="1.0" encoding="UTF-8" ?>
<testsuites>
 <testsuite name="Return_script" package="Xstore_POC.suite" timestamp="2025-09-11 23:50:52.448 -0400"
 tests="1"  failures="1" errors="1" time="134.158000">
  <properties>
   <property name="RunDate" value="2025-09-11 23:50:52.448 -0400"/>
   <property name="Status" value="Failure"/>
  </properties>
  <testcase name="Return.script" assertions="2" status="error"  time="134.146">
    <failure type="FAILURE" message="Image Not Found: WaitFor Error - Unable To Find Any Image On Screen &quot;(TEXT:&quot;Orig Store ID&quot;)&quot; within 5.00 seconds. Text not found. -- Execution Time 0:02:14 Return.script" />
    <error type="Exception" message="Unable To Find Any Image On Screen &quot;(TEXT:&quot;Orig Store ID&quot;)&quot; within 5.00 seconds. Text not found." />
  </testcase>
 </testsuite>
</testsuites>
