<?xml version="1.0" encoding="UTF-8" ?>
<testsuites>
 <testsuite name="Return optimized_script" package="Xstore_POC.suite" timestamp="2025-11-05 05:07:05.539 -0500"
 tests="1"  failures="1" errors="0" time="0.015000">
  <properties>
   <property name="RunDate" value="2025-11-05 05:07:05.539 -0500"/>
   <property name="Status" value="Failure"/>
  </properties>
  <testcase name="Return optimized.script" assertions="1" status="failure"  time="0.002">
    <failure type="FAILURE" message="SenseTalk Compiler Exception: in return_optimized:\nSyntax Error at line 72: can&apos;t understand [matching quote not found] at character 28 -- Execution Time 0:00:00 Return optimized.script" />
  </testcase>
 </testsuite>
</testsuites>
