<?xml version="1.0" encoding="UTF-8" ?>
<testsuites>
 <testsuite name="Sale_script" package="Xstore_POC.suite" timestamp="2025-09-08 04:30:02.624 -0400"
 tests="1"  failures="1" errors="1" time="36.419000">
  <properties>
   <property name="RunDate" value="2025-09-08 04:30:02.624 -0400"/>
   <property name="Status" value="Failure"/>
  </properties>
  <testcase name="Sale.script" assertions="1" status="error"  time="36.409">
    <failure type="FAILURE" message="Image Not Found: WaitFor Error - Unable To Find Any Image On Screen &quot;(TEXT:&quot;Xstore&quot;)&quot; within 10.00 seconds. Text not found. -- Execution Time 0:00:36 Sale.script" />
    <error type="Exception" message="Unable To Find Any Image On Screen &quot;(TEXT:&quot;Xstore&quot;)&quot; within 10.00 seconds. Text not found." />
  </testcase>
 </testsuite>
</testsuites>
