<?xml version="1.0" encoding="UTF-8" ?>
<testsuites>
 <testsuite name="Sale &amp; Return_script" package="Xstore_POC.suite" timestamp="2025-09-17 00:15:49.176 -0400"
 tests="1"  failures="1" errors="0" time="0.018000">
  <properties>
   <property name="RunDate" value="2025-09-17 00:15:49.176 -0400"/>
   <property name="Status" value="Failure"/>
  </properties>
  <testcase name="Sale &amp; Return.script" assertions="1" status="failure"  time="0.004">
    <failure type="FAILURE" message="SenseTalk Compiler Exception: in sale___return:\nSyntax Error at line 69: can&apos;t understand &quot;end&quot; at character 1 -- Execution Time 0:00:00 Sale &amp; Return.script" />
  </testcase>
 </testsuite>
</testsuites>
