2025-09-17 00:15:49.187 -0400	START		Running Sale & Return.script
2025-09-17 00:15:49.196 -0400	EndTestCase		(Duration:"0.004", Errors:"1", Exceptions:"0", StartTime:"2025-09-17 00:15:49 -0400", Successes:"0", TestCase:"Sale & Return.script", Warnings:"0")
2025-09-17 00:15:49.420 -0400	FAILURE	Screen_Error.png	SenseTalk Compiler Exception: in sale___return:\nSyntax Error at line 69: can't understand "end" at character 1 -- Execution Time 0:00:00 Sale & Return.script
